Arguments: 
  /usr/local/bin/node /usr/local/bin/yarn add react-router-dom

PATH: 
  /Users/vamshikrishnaenjapuri/.local/share/solana/install/active_release/bin:/opt/local/bin:/opt/local/sbin:/Library/Frameworks/Python.framework/Versions/3.8/bin:/usr/local/bin:/usr/bin:/bin:/usr/sbin:/sbin:/Users/vamshikrishnaenjapuri/.local/share/solana/install/active_release/bin:$PATH:/Users/vamshikrishnaenjapuri/Downloads/src-1:/Users/vamshikrishnaenjapuri/Documents/solananft/metaplex/js:/usr/local/share/dotnet:/usr/local/mysql/bin:~/.dotnet/tools:/Library/Apple/usr/bin:/Library/Frameworks/Mono.framework/Versions/Current/Commands:/Users/vamshikrishnaenjapuri/Library/Application Support/cloud-code/installer/google-cloud-sdk/bin:/Users/vamshikrishnaenjapuri/.cargo/bin:/opt/local/bin:/opt/local/sbin:/Library/Frameworks/Python.framework/Versions/3.8/bin:/Users/vamshikrishnaenjapuri/Library/Application Support/cloud-code/installer/google-cloud-sdk/bin:/Users/vamshikrishnaenjapuri/.local/share/solana/install/active_release/bin:/Users/vamshikrishnaenjapuri/.cargo/bin:/opt/local/bin:/opt/local/sbin:/Library/Frameworks/Python.framework/Versions/3.8/bin:/usr/local/bin:/usr/bin:/bin:/usr/sbin:/sbin:/Users/vamshikrishnaenjapuri/.local/share/solana/install/active_release/bin:$PATH:/Users/vamshikrishnaenjapuri/Downloads/src-1:/Users/vamshikrishnaenjapuri/Documents/solananft/metaplex/js:/usr/local/share/dotnet:/usr/local/mysql/bin:~/.dotnet/tools:/Library/Apple/usr/bin:/Library/Frameworks/Mono.framework/Versions/Current/Commands:/Users/vamshikrishnaenjapuri/Documents/apache-maven-3.6.1/bin:/Users/vamshikrishnaenjapuri/Downloads/src-1:your/new/path/he/Users/vamshikrishnaenjapuri/Downloads/src-1re:/Users/vamshikrishnaenjapuri/Documents/apache-maven-3.6.1/bin:your/new/path/he/Users/vamshikrishnaenjapuri/Downloads/src-1re:/Users/vamshikrishnaenjapuri/Documents/apache-maven-3.6.1/bin:/Users/vamshikrishnaenjapuri/Downloads/src-1:your/new/path/he/Users/vamshikrishnaenjapuri/Downloads/src-1re

Yarn version: 
  1.22.19

Node version: 
  16.15.0

Platform: 
  darwin x64

Trace: 
  Error: https://registry.yarnpkg.com/@switchboard-xyz%2fswitchboard-v2: Not found
      at Request.params.callback [as _callback] (/usr/local/lib/node_modules/yarn/lib/cli.js:66145:18)
      at Request.self.callback (/usr/local/lib/node_modules/yarn/lib/cli.js:140890:22)
      at Request.emit (node:events:527:28)
      at Request.<anonymous> (/usr/local/lib/node_modules/yarn/lib/cli.js:141862:10)
      at Request.emit (node:events:527:28)
      at IncomingMessage.<anonymous> (/usr/local/lib/node_modules/yarn/lib/cli.js:141784:12)
      at Object.onceWrapper (node:events:641:28)
      at IncomingMessage.emit (node:events:539:35)
      at endReadableNT (node:internal/streams/readable:1345:12)
      at processTicksAndRejections (node:internal/process/task_queues:83:21)

npm manifest: 
  {
    "name": "magic-hat-mint",
    "version": "0.2.0",
    "private": true,
    "dependencies": {
      "@babel/runtime": "^7.15.5",
      "@civic/solana-gateway-react": "^0.4.12",
      "@emotion/react": "^11.10.4",
      "@fortawesome/fontawesome-svg-core": "^6.1.1",
      "@fortawesome/free-solid-svg-icons": "^6.1.1",
      "@fortawesome/react-fontawesome": "^0.1.18",
      "@material-ui/core": "^4.12.3",
      "@material-ui/icons": "^4.11.2",
      "@material-ui/lab": "^4.0.0-alpha.60",
      "@metaplex-foundation/js": "^0.16.0",
      "@mui/material": "^5.10.9",
      "@project-serum/anchor": "^0.14.0",
      "@solana/spl-token": "^0.2.0",
      "@solana/wallet-adapter-base": "^0.7.1",
      "@solana/wallet-adapter-material-ui": "^0.13.1",
      "@solana/wallet-adapter-react": "^0.13.1",
      "@solana/wallet-adapter-react-ui": "^0.6.1",
      "@solana/wallet-adapter-wallets": "^0.11.3",
      "@solana/web3.js": "^1.63.1",
      "@switchboard-xyz/switchboard-v2": "^0.0.116",
      "@testing-library/dom": "^7.21.4",
      "@testing-library/jest-dom": "^5.11.4",
      "@testing-library/react": "^11.1.0",
      "@testing-library/user-event": "^12.1.10",
      "@types/node": "^12.0.0",
      "@types/react": "^17.0.0",
      "@types/react-dom": "^17.0.0",
      "assert": "^2.0.0",
      "cheeseburger-menu": "^0.0.13",
      "crypto-browserify": "^3.12.0",
      "eslint-plugin-react-hooks": "^4.6.0",
      "graphql": "^16.6.0",
      "http2": "^3.3.7",
      "mime": "^3.0.0",
      "os-browserify": "^0.3.0",
      "prop-types": "^15.7.2",
      "react": "^17.0.2",
      "react-app-rewired": "^2.2.1",
      "react-bootstrap": "^2.4.0",
      "react-circular-progressbar": "^2.1.0",
      "react-countdown": "^2.3.2",
      "react-custom-image-loader.": "^1.0.3",
      "react-dom": "^17.0.2",
      "react-hamburger-menu": "^1.2.1",
      "react-is": "^16.8.0",
      "react-multi-carousel": "^2.8.2",
      "react-outside-click-handler": "^1.3.0",
      "react-scripts": "^5.0.1",
      "react-toastify": "^9.0.4",
      "react-type-animation": "^1.1.3",
      "stream-browserify": "^3.0.0",
      "styled-components": "^5.3.1",
      "typescript": "^4.5.4",
      "util": "^0.12.4",
      "web-vitals": "^1.0.1",
      "yarn": "^1.22.19"
    },
    "scripts": {
      "start": "react-app-rewired start",
      "build": "react-app-rewired build",
      "test": "react-app-rewired test",
      "eject": "react-app-rewired eject",
      "deploy:gh": "gh-pages -d ./build/ --repo https://github.com/pit-v/metaplex -t true --branch gh-pages-3",
      "deploy": "cross-env ASSET_PREFIX=/metaplex/ yarn build && yarn deploy:gh"
    },
    "eslintConfig": {
      "extends": [
        "react-app",
        "react-app/jest"
      ]
    },
    "browserslist": {
      "production": [
        "chrome >= 67",
        "edge >= 79",
        "firefox >= 68",
        "opera >= 54",
        "safari >= 14"
      ],
      "development": [
        "last 1 chrome version",
        "last 1 firefox version",
        "last 1 safari version"
      ]
    },
    "devDependencies": {
      "@types/react-hamburger-menu": "^0.0.4",
      "@types/react-outside-click-handler": "^1.3.1",
      "@types/react-type-animation": "^1.1.1",
      "@types/styled-components": "^5.1.14"
    }
  }

yarn manifest: 
  No manifest

Lockfile: 
  No lockfile
